2017-04-16T18:19:56.539+0200 I CONTROL  [main] Trying to start Windows service 'MongoDB'
2017-04-16T18:19:56.540+0200 I CONTROL  [initandlisten] MongoDB starting : pid=10360 port=27017 dbpath=C:\Users\Marcus\git\sad-2017-sw-01-M11004061\data\db 64-bit host=Marcus-PC
2017-04-16T18:19:56.540+0200 I CONTROL  [initandlisten] targetMinOS: Windows 7/Windows Server 2008 R2
2017-04-16T18:19:56.540+0200 I CONTROL  [initandlisten] db version v3.4.3
2017-04-16T18:19:56.541+0200 I CONTROL  [initandlisten] git version: f07437fb5a6cca07c10bafa78365456eb1d6d5e1
2017-04-16T18:19:56.541+0200 I CONTROL  [initandlisten] OpenSSL version: OpenSSL 1.0.1u-fips  22 Sep 2016
2017-04-16T18:19:56.541+0200 I CONTROL  [initandlisten] allocator: tcmalloc
2017-04-16T18:19:56.541+0200 I CONTROL  [initandlisten] modules: none
2017-04-16T18:19:56.541+0200 I CONTROL  [initandlisten] build environment:
2017-04-16T18:19:56.541+0200 I CONTROL  [initandlisten]     distmod: 2008plus-ssl
2017-04-16T18:19:56.541+0200 I CONTROL  [initandlisten]     distarch: x86_64
2017-04-16T18:19:56.541+0200 I CONTROL  [initandlisten]     target_arch: x86_64
2017-04-16T18:19:56.541+0200 I CONTROL  [initandlisten] options: { config: "C:\Program Files\MongoDB\Server\3.4\mongod.cfg", service: true, storage: { dbPath: "C:\Users\Marcus\git\sad-2017-sw-01-M11004061\data\db" }, systemLog: { destination: "file", path: "C:\Users\Marcus\git\sad-2017-sw-01-M11004061\data\log\mongod.log" } }
2017-04-16T18:19:56.542+0200 I -        [initandlisten] Detected data files in C:\Users\Marcus\git\sad-2017-sw-01-M11004061\data\db created by the 'wiredTiger' storage engine, so setting the active storage engine to 'wiredTiger'.
2017-04-16T18:19:56.542+0200 I STORAGE  [initandlisten] wiredtiger_open config: create,cache_size=7654M,session_max=20000,eviction=(threads_min=4,threads_max=4),config_base=false,statistics=(fast),log=(enabled=true,archive=true,path=journal,compressor=snappy),file_manager=(close_idle_time=100000),checkpoint=(wait=60,log_size=2GB),statistics_log=(wait=0),
2017-04-16T18:19:56.795+0200 I CONTROL  [initandlisten] 
2017-04-16T18:19:56.795+0200 I CONTROL  [initandlisten] ** WARNING: Access control is not enabled for the database.
2017-04-16T18:19:56.795+0200 I CONTROL  [initandlisten] **          Read and write access to data and configuration is unrestricted.
2017-04-16T18:19:56.795+0200 I CONTROL  [initandlisten] 
2017-04-16T18:19:56.949+0200 W FTDC     [initandlisten] Failed to initialize Performance Counters for FTDC: WindowsPdhError: PdhExpandCounterPathW failed with 'Das angegebene Objekt wurde nicht auf dem Computer gefunden.' for counter '\Memory\Available Bytes'
2017-04-16T18:19:56.949+0200 I FTDC     [initandlisten] Initializing full-time diagnostic data capture with directory 'C:/Users/Marcus/git/sad-2017-sw-01-M11004061/data/db/diagnostic.data'
2017-04-16T18:19:56.949+0200 I STORAGE  [initandlisten] Service running
2017-04-16T18:19:56.950+0200 I NETWORK  [thread1] waiting for connections on port 27017
2017-04-16T18:19:59.457+0200 I NETWORK  [thread1] connection accepted from 127.0.0.1:54675 #1 (1 connection now open)
2017-04-16T18:19:59.468+0200 I NETWORK  [conn1] received client metadata from 127.0.0.1:54675 conn1: { application: { name: "MongoDB Shell" }, driver: { name: "MongoDB Internal Client", version: "3.4.3" }, os: { type: "Windows", name: "Microsoft Windows 8", architecture: "x86_64", version: "6.2 (build 9200)" } }
2017-04-16T18:20:04.979+0200 I -        [conn1] end connection 127.0.0.1:54675 (1 connection now open)
2017-04-16T18:20:10.063+0200 I CONTROL  [serviceShutdown] got SERVICE_CONTROL_STOP request from Windows Service Control Manager, will terminate after current cmd ends
2017-04-16T18:20:10.063+0200 I NETWORK  [serviceShutdown] shutdown: going to close listening sockets...
2017-04-16T18:20:10.063+0200 I NETWORK  [serviceShutdown] closing listening socket: 524
2017-04-16T18:20:10.063+0200 I NETWORK  [serviceShutdown] shutdown: going to flush diaglog...
2017-04-16T18:20:10.063+0200 I FTDC     [serviceShutdown] Shutting down full-time diagnostic data capture
2017-04-16T18:20:10.064+0200 I STORAGE  [serviceShutdown] WiredTigerKVEngine shutting down
2017-04-16T18:20:10.173+0200 I STORAGE  [serviceShutdown] shutdown: removing fs lock...
2017-04-16T18:20:10.173+0200 I CONTROL  [serviceShutdown] now exiting
